<?xml version="1.0" encoding="UTF-8"?>
<!-- Generated by org.testng.reporters.JUnitReportReporter -->
<testsuite hostname="PRASHANTH" failures="0" tests="3" name="org.techpanda.testscrits.TestMobile" time="11.374" errors="0" timestamp="2023-07-09T10:04:50 IST" skipped="0">
  <testcase classname="org.techpanda.testscrits.TestMobile" name="testMobileList" time="2.724"/>
  <system-out/>
  <testcase classname="org.techpanda.testscrits.TestMobile" name="testPrice" time="3.397"/>
  <system-out/>
  <testcase classname="org.techpanda.testscrits.TestMobile" name="testQtyCart" time="5.253"/>
  <system-out>
    <![CDATA[* The maximum quantity allowed for purchase is 500.
You have no items in your shopping cart.]]>
  </system-out>
</testsuite> <!-- org.techpanda.testscrits.TestMobile -->
