<?xml version="1.0" encoding="UTF-8"?>
<!-- Generated by org.testng.reporters.JUnitReportReporter -->
<testsuite hostname="PRASHANTH" failures="0" tests="4" name="org.techpanda.testscrits.TestMobile" time="18.330" errors="0" timestamp="2023-07-11T15:52:20 IST" skipped="0">
  <testcase classname="org.techpanda.testscrits.TestMobile" name="testMobileList" time="3.450"/>
  <system-out/>
  <testcase classname="org.techpanda.testscrits.TestMobile" name="testPrice" time="4.042"/>
  <system-out/>
  <testcase classname="org.techpanda.testscrits.TestMobile" name="testQtyCart" time="5.534"/>
  <system-out>
    <![CDATA[* The maximum quantity allowed for purchase is 500.
You have no items in your shopping cart.]]>
  </system-out>
  <testcase classname="org.techpanda.testscrits.TestMobile" name="testComparision" time="5.304"/>
  <system-out/>
</testsuite> <!-- org.techpanda.testscrits.TestMobile -->
