<?xml version="1.0" encoding="UTF-8"?>
<!-- Generated by org.testng.reporters.JUnitReportReporter -->
<testsuite hostname="PRASHANTH" failures="0" tests="1" name="org.techpanda.testscrits.CreateAccount" time="0.472" errors="0" timestamp="2023-07-11T12:17:06 IST" skipped="0">
  <testcase classname="org.techpanda.testscrits.CreateAccount" name="createAccountAndShareWhishList" time="0.472"/>
  <system-out/>
</testsuite> <!-- org.techpanda.testscrits.CreateAccount -->
