<?xml version="1.0" encoding="UTF-8"?>
<!-- Generated by org.testng.reporters.JUnitReportReporter -->
<testsuite hostname="Dell-PC" failures="0" tests="4" name="org.techpanda.testscrits.TestData" time="0.009" errors="0" timestamp="2023-07-19T16:22:26 NPT" skipped="0">
  <testcase classname="org.techpanda.testscrits.TestData" name="printData" time="0.002"/>
  <system-out/>
  <testcase classname="org.techpanda.testscrits.TestData" name="printData" time="0.002"/>
  <system-out/>
  <testcase classname="org.techpanda.testscrits.TestData" name="printData" time="0.002"/>
  <system-out/>
  <testcase classname="org.techpanda.testscrits.TestData" name="printData" time="0.003"/>
  <system-out/>
</testsuite> <!-- org.techpanda.testscrits.TestData -->
