<?xml version="1.0" encoding="UTF-8"?>
<!-- Generated by org.testng.reporters.JUnitReportReporter -->
<testsuite hostname="PRASHANTH" failures="0" tests="2" name="org.techpanda.testscrits.TestCreateAccount" time="25.519" errors="0" timestamp="2023-07-11T15:52:20 IST" skipped="1">
  <testcase classname="org.techpanda.testscrits.TestCreateAccount" name="createAccountAndShareWhishList" time="9.016"/>
  <system-out>
    <![CDATA[Thank you for registering with Main Website Store.]]>
  </system-out>
  <testcase classname="org.techpanda.testscrits.TestCreateAccount" name="createAccountAndShareWhishList" time="16.503">
    <skipped/>
  </testcase> <!-- createAccountAndShareWhishList -->
  <system-out>
    <![CDATA[There is already an account with this email address. If you are sure that it is your email address, click here to get your password and access your account.]]>
  </system-out>
</testsuite> <!-- org.techpanda.testscrits.TestCreateAccount -->
