<?xml version="1.0" encoding="UTF-8"?>
<!-- Generated by org.testng.reporters.JUnitReportReporter -->
<testsuite hostname="PRASHANTH" failures="0" tests="1" name="org.techpanda.Actual.TestCase1" time="11.782" errors="0" timestamp="2023-07-08T19:39:15 IST" skipped="0">
  <testcase classname="org.techpanda.Actual.TestCase1" name="testDay1TestCase1" time="11.782"/>
  <system-out/>
</testsuite> <!-- org.techpanda.Actual.TestCase1 -->
