<?xml version="1.0" encoding="UTF-8"?>
<!-- Generated by org.testng.reporters.JUnitReportReporter -->
<testsuite hostname="Dell-PC" failures="0" tests="2" name="org.techpanda.testscrits.TestCreateAccount" time="31.149" errors="0" timestamp="2023-07-19T16:22:26 NPT" skipped="1">
  <testcase classname="org.techpanda.testscrits.TestCreateAccount" name="createAccountAndShareWhishList" time="18.415">
    <skipped/>
  </testcase> <!-- createAccountAndShareWhishList -->
  <system-out>
    <![CDATA[There is already an account with this email address. If you are sure that it is your email address, click here to get your password and access your account.]]>
  </system-out>
  <testcase classname="org.techpanda.testscrits.TestCreateAccount" name="createAccountAndShareWhishList" time="12.734"/>
  <system-out>
    <![CDATA[Thank you for registering with Main Website Store.]]>
  </system-out>
</testsuite> <!-- org.techpanda.testscrits.TestCreateAccount -->
