<?xml version="1.0" encoding="UTF-8"?>
<!-- Generated by org.testng.reporters.JUnitReportReporter -->
<testsuite hostname="PRASHANTH" failures="0" tests="1" name="org.techpanda.testscrits.TestPrice" time="4.828" errors="0" timestamp="2023-07-08T14:31:23 IST" skipped="0">
  <testcase classname="org.techpanda.testscrits.TestPrice" name="testPrice" time="4.828"/>
  <system-out/>
</testsuite> <!-- org.techpanda.testscrits.TestPrice -->
