<?xml version="1.0" encoding="UTF-8"?>
<!-- Generated by org.testng.reporters.JUnitReportReporter -->
<testsuite hostname="PRASHANTH" failures="0" tests="1" name="org.techpanda.testscrits.TestQtyCart" time="6.664" errors="0" timestamp="2023-07-08T19:34:32 IST" skipped="0">
  <testcase classname="org.techpanda.testscrits.TestQtyCart" name="testQtyCart" time="6.664"/>
  <system-out>
    <![CDATA[* The maximum quantity allowed for purchase is 500.
You have no items in your shopping cart.]]>
  </system-out>
</testsuite> <!-- org.techpanda.testscrits.TestQtyCart -->
