<?xml version="1.0" encoding="UTF-8"?>
<!-- Generated by org.testng.reporters.JUnitReportReporter -->
<testsuite hostname="PRASHANTH" failures="0" tests="4" name="org.techpanda.testscrits.TestData" time="0.015" errors="0" timestamp="2023-07-11T15:52:20 IST" skipped="0">
  <testcase classname="org.techpanda.testscrits.TestData" name="printData" time="0.000"/>
  <system-out/>
  <testcase classname="org.techpanda.testscrits.TestData" name="printData" time="0.000"/>
  <system-out/>
  <testcase classname="org.techpanda.testscrits.TestData" name="printData" time="0.015"/>
  <system-out/>
  <testcase classname="org.techpanda.testscrits.TestData" name="printData" time="0.000"/>
  <system-out/>
</testsuite> <!-- org.techpanda.testscrits.TestData -->
