<?xml version="1.0" encoding="UTF-8"?>
<!-- Generated by org.testng.reporters.JUnitReportReporter -->
<testsuite hostname="Dell-PC" failures="0" tests="4" name="org.techpanda.testscrits.TestMobile" time="39.026" errors="0" timestamp="2023-07-19T16:22:26 NPT" skipped="0">
  <testcase classname="org.techpanda.testscrits.TestMobile" name="testMobileList" time="10.440"/>
  <system-out/>
  <testcase classname="org.techpanda.testscrits.TestMobile" name="testPrice" time="4.951"/>
  <system-out/>
  <testcase classname="org.techpanda.testscrits.TestMobile" name="testQtyCart" time="9.942"/>
  <system-out>
    <![CDATA[* The maximum quantity allowed for purchase is 500.
You have no items in your shopping cart.]]>
  </system-out>
  <testcase classname="org.techpanda.testscrits.TestMobile" name="testComparision" time="13.693"/>
  <system-out/>
</testsuite> <!-- org.techpanda.testscrits.TestMobile -->
